nohup: ignoring input
  0%|          | 0/7 [00:00<?, ?it/s] 14%|█▍        | 1/7 [00:56<05:36, 56.00s/it] 29%|██▊       | 2/7 [02:15<05:15, 63.11s/it] 43%|████▎     | 3/7 [04:14<05:18, 79.67s/it] 57%|█████▋    | 4/7 [06:52<05:10, 103.44s/it] 71%|███████▏  | 5/7 [10:15<04:26, 133.18s/it] 86%|████████▌ | 6/7 [14:05<02:42, 162.34s/it]100%|██████████| 7/7 [18:33<00:00, 193.96s/it]100%|██████████| 7/7 [18:33<00:00, 159.09s/it]
The minimum is attained in round 1740
Finished loading model, total used 2000 iterations
The minimum is attained in round 1944
Finished loading model, total used 2000 iterations
The minimum is attained in round 1833
Finished loading model, total used 2000 iterations
The minimum is attained in round 1451
Finished loading model, total used 2000 iterations
The minimum is attained in round 1858
Finished loading model, total used 2000 iterations
{'num_thread': 64, 'num_leaves': 16, 'metric': 'binary_error', 'objective': 'binary', 'num_round': 2000, 'learning_rate': 0.01, 'feature_fraction': 0.8, 'bagging_fraction': 0.8, 'bagging_freq': None, 'boosting_mode': 'goss'}
0.20953
The minimum is attained in round 1965
Finished loading model, total used 2000 iterations
The minimum is attained in round 1892
Finished loading model, total used 2000 iterations
The minimum is attained in round 1944
Finished loading model, total used 2000 iterations
The minimum is attained in round 1957
Finished loading model, total used 2000 iterations
The minimum is attained in round 1781
Finished loading model, total used 2000 iterations
{'num_thread': 64, 'num_leaves': 32, 'metric': 'binary_error', 'objective': 'binary', 'num_round': 2000, 'learning_rate': 0.01, 'feature_fraction': 0.8, 'bagging_fraction': 0.8, 'bagging_freq': None, 'boosting_mode': 'goss'}
0.20728999999999997
The minimum is attained in round 1596
Finished loading model, total used 2000 iterations
The minimum is attained in round 1999
Finished loading model, total used 2000 iterations
The minimum is attained in round 1443
Finished loading model, total used 2000 iterations
The minimum is attained in round 1783
Finished loading model, total used 2000 iterations
The minimum is attained in round 1955
Finished loading model, total used 2000 iterations
{'num_thread': 64, 'num_leaves': 64, 'metric': 'binary_error', 'objective': 'binary', 'num_round': 2000, 'learning_rate': 0.01, 'feature_fraction': 0.8, 'bagging_fraction': 0.8, 'bagging_freq': None, 'boosting_mode': 'goss'}
0.20595999999999998
The minimum is attained in round 1523
Finished loading model, total used 2000 iterations
The minimum is attained in round 1995
Finished loading model, total used 2000 iterations
The minimum is attained in round 1606
Finished loading model, total used 2000 iterations
The minimum is attained in round 1621
Finished loading model, total used 2000 iterations
The minimum is attained in round 1077
Finished loading model, total used 2000 iterations
{'num_thread': 64, 'num_leaves': 96, 'metric': 'binary_error', 'objective': 'binary', 'num_round': 2000, 'learning_rate': 0.01, 'feature_fraction': 0.8, 'bagging_fraction': 0.8, 'bagging_freq': None, 'boosting_mode': 'goss'}
0.20526
The minimum is attained in round 1390
Finished loading model, total used 2000 iterations
The minimum is attained in round 1961
Finished loading model, total used 2000 iterations
The minimum is attained in round 1621
Finished loading model, total used 2000 iterations
The minimum is attained in round 1432
Finished loading model, total used 2000 iterations
The minimum is attained in round 1589
Finished loading model, total used 2000 iterations
{'num_thread': 64, 'num_leaves': 128, 'metric': 'binary_error', 'objective': 'binary', 'num_round': 2000, 'learning_rate': 0.01, 'feature_fraction': 0.8, 'bagging_fraction': 0.8, 'bagging_freq': None, 'boosting_mode': 'goss'}
0.20487000000000002
The minimum is attained in round 1658
Finished loading model, total used 2000 iterations
The minimum is attained in round 1040
Finished loading model, total used 2000 iterations
The minimum is attained in round 1378
Finished loading model, total used 2000 iterations
The minimum is attained in round 1374
Finished loading model, total used 2000 iterations
The minimum is attained in round 949
Finished loading model, total used 2000 iterations
{'num_thread': 64, 'num_leaves': 164, 'metric': 'binary_error', 'objective': 'binary', 'num_round': 2000, 'learning_rate': 0.01, 'feature_fraction': 0.8, 'bagging_fraction': 0.8, 'bagging_freq': None, 'boosting_mode': 'goss'}
0.20490000000000003
The minimum is attained in round 1501
Finished loading model, total used 2000 iterations
The minimum is attained in round 1156
Finished loading model, total used 2000 iterations
The minimum is attained in round 1186
Finished loading model, total used 2000 iterations
The minimum is attained in round 1960
Finished loading model, total used 2000 iterations
The minimum is attained in round 1534
Finished loading model, total used 2000 iterations
{'num_thread': 64, 'num_leaves': 192, 'metric': 'binary_error', 'objective': 'binary', 'num_round': 2000, 'learning_rate': 0.01, 'feature_fraction': 0.8, 'bagging_fraction': 0.8, 'bagging_freq': None, 'boosting_mode': 'goss'}
0.20517000000000002
